 
****************************************
Report : timing
        -path full
        -delay max
        -max_paths 1
Design : fifo_top
Version: T-2022.03-SP5
Date   : Fri Jul 10 05:14:07 2026
****************************************

Operating Conditions: tt0p78vn40c   Library: saed32rvt_tt0p78vn40c
Wire Load Model Mode: enclosed

  Startpoint: rd_en (input port clocked by clk)
  Endpoint: status_inst/count_reg[2]
            (rising edge-triggered flip-flop clocked by clk)
  Path Group: clk
  Path Type: max

  Des/Clust/Port     Wire Load Model       Library
  ------------------------------------------------
  fifo_top           8000                  saed32rvt_tt0p78vn40c
  fifo_status_DEPTH8_COUNT_WIDTH4
                     ForQA                 saed32rvt_tt0p78vn40c

  Point                                                   Incr       Path
  --------------------------------------------------------------------------
  clock clk (rise edge)                                   0.00       0.00
  clock network delay (ideal)                             0.00       0.00
  input external delay                                    2.00       2.00 f
  rd_en (in)                                              0.00       2.00 f
  status_inst/rd_en (fifo_status_DEPTH8_COUNT_WIDTH4)     0.00       2.00 f
  status_inst/U3/Y (IBUFFX2_RVT)                          0.08       2.08 r
  status_inst/U27/Y (NAND2X0_RVT)                         0.09       2.17 f
  status_inst/U7/Y (OA222X2_RVT)                          0.21       2.38 f
  status_inst/U6/Y (AO21X2_RVT)                           0.13       2.51 f
  status_inst/U12/Y (AOI21X2_RVT)                         0.15       2.66 r
  status_inst/U18/Y (AO221X1_RVT)                         0.13       2.79 r
  status_inst/U16/Y (AO222X1_RVT)                         0.16       2.95 r
  status_inst/count_reg[2]/D (DFFARX2_RVT)                0.01       2.96 r
  data arrival time                                                  2.96

  clock clk (rise edge)                                  10.00      10.00
  clock network delay (ideal)                             0.00      10.00
  clock uncertainty                                      -0.20       9.80
  status_inst/count_reg[2]/CLK (DFFARX2_RVT)              0.00       9.80 r
  library setup time                                     -0.09       9.71
  data required time                                                 9.71
  --------------------------------------------------------------------------
  data required time                                                 9.71
  data arrival time                                                 -2.96
  --------------------------------------------------------------------------
  slack (MET)                                                        6.75


1
